<?xml version="1.0" encoding="UTF-8"?>
<testng-results ignored="0" total="1" passed="1" failed="0" skipped="0">
  <reporter-output>
  </reporter-output>
  <suite started-at="2022-03-02T16:26:20 IST" name="Default suite" finished-at="2022-03-02T16:27:24 IST" duration-ms="63466">
    <groups>
    </groups>
    <test started-at="2022-03-02T16:26:20 IST" name="Default test" finished-at="2022-03-02T16:27:24 IST" duration-ms="63466">
      <class name="QA_Test">
        <test-method is-config="true" signature="beforeClass()[pri:0, instance:QA_Test@51f116b8]" started-at="2022-03-02T16:26:20 IST" name="beforeClass" finished-at="2022-03-02T16:26:29 IST" duration-ms="8604" status="PASS">
          <reporter-output>
          </reporter-output>
        </test-method> <!-- beforeClass -->
        <test-method signature="Test()[pri:0, instance:QA_Test@51f116b8]" started-at="2022-03-02T16:26:29 IST" name="Test" finished-at="2022-03-02T16:27:21 IST" duration-ms="51420" status="PASS">
          <reporter-output>
          </reporter-output>
        </test-method> <!-- Test -->
        <test-method is-config="true" signature="tearDown()[pri:0, instance:QA_Test@51f116b8]" started-at="2022-03-02T16:27:21 IST" name="tearDown" finished-at="2022-03-02T16:27:24 IST" duration-ms="3352" status="PASS">
          <reporter-output>
          </reporter-output>
        </test-method> <!-- tearDown -->
      </class> <!-- QA_Test -->
    </test> <!-- Default test -->
  </suite> <!-- Default suite -->
</testng-results>
